<?xml version="1.0" ?>
<coverage version="7.4.3" timestamp="1709576494790" lines-valid="7" lines-covered="6" line-rate="0.8571" branches-valid="4" branches-covered="3" branch-rate="0.75" complexity="0">
	<!-- Generated by coverage.py: https://coverage.readthedocs.io/en/7.4.3 -->
	<!-- Based on https://raw.githubusercontent.com/cobertura/web/master/htdocs/xml/coverage-04.dtd -->
	<sources>
		<source>c:\bits_sem_3_course_material\devops\mywebapp\src\main\python</source>
	</sources>
	<packages>
		<package name="." line-rate="0.8571" branch-rate="0.75" complexity="0">
			<classes>
				<class name="mywebapp.py" filename="mywebapp.py" complexity="0" line-rate="0.8571" branch-rate="0.75">
					<methods/>
					<lines>
						<line number="1" hits="1"/>
						<line number="4" hits="1"/>
						<line number="7" hits="1"/>
						<line number="8" hits="1" branch="true" condition-coverage="100% (2/2)"/>
						<line number="9" hits="1"/>
						<line number="12" hits="1" branch="true" condition-coverage="50% (1/2)" missing-branches="13"/>
						<line number="13" hits="0"/>
					</lines>
				</class>
			</classes>
		</package>
	</packages>
</coverage>
